#
# A fatal error has been detected by the Java Runtime Environment:
#
#  SIGSEGV (0xb) at pc=0x00007fff898708f2, pid=920, tid=1811
#
# JRE version: Java(TM) SE Runtime Environment (8.0_31-b13) (build 1.8.0_31-b13)
# Java VM: Java HotSpot(TM) 64-Bit Server VM (25.31-b07 mixed mode bsd-amd64 compressed oops)
# Problematic frame:
# C  [libGPUSupportMercury.dylib+0xb8f2]  gldAttachDrawable+0x60
#
# Failed to write core dump. Core dumps have been disabled. To enable core dumping, try "ulimit -c unlimited" before starting Java again
#
# If you would like to submit a bug report, please visit:
#   http://bugreport.java.com/bugreport/crash.jsp
# The crash happened outside the Java Virtual Machine in native code.
# See problematic frame for where to report the bug.
#

---------------  T H R E A D  ---------------

Current thread (0x00007ffd32824800):  JavaThread "AppKit Thread" daemon [_thread_in_native, id=1811, stack(0x00007fff57ae9000,0x00007fff582e9000)]

siginfo: si_signo: 11 (SIGSEGV), si_code: 0 (unknown), si_addr: 0x0000000000000000

Registers:
RAX=0xe000000000000000, RBX=0x000000000000271e, RCX=0x0000000000000000, RDX=0x00007ffd30d74ee8
RSP=0x00007fff582e2700, RBP=0x00007fff582e2800, RSI=0x0000000000000050, RDI=0x00007fff745c4070
R8 =0x00007ffd34009e60, R9 =0x00007ffd33800000, R10=0x000000000000003c, R11=0x0000000000000206
R12=0x0000000000002718, R13=0x00007ffd31a15e00, R14=0x0000000000000050, R15=0x0000000000000000
RIP=0x00007fff898708f2, EFLAGS=0x0000000000010212, ERR=0x0000000000000000
  TRAPNO=0x000000000000000d

Top of Stack: (sp=0x00007fff582e2700)
0x00007fff582e2700:   00007fff582e2774 00007ffd30d16950
0x00007fff582e2710:   ffffffffffffffff 0000206000000040
0x00007fff582e2720:   00007ffd30d16968 00007fff89d2664f
0x00007fff582e2730:   0000000000000000 e000000000000000
0x00007fff582e2740:   0000000300000003 00007fff582e2888
0x00007fff582e2750:   00007fff582e2814 000000000001fedb
0x00007fff582e2760:   00007fff582e280c 00007fff582e2810
0x00007fff582e2770:   00007fff582e27f0 00007fff8ec15f1e
0x00007fff582e2780:   0000000000000000 000000000000039d
0x00007fff582e2790:   0000003400001200 0000040b00000000
0x00007fff582e27a0:   00007fff582e27d0 00007fff8ebc82fe
0x00007fff582e27b0:   00007fff582e2848 000000000000039d
0x00007fff582e27c0:   00007fff582e2800 000000002e8c300b
0x00007fff582e27d0:   7d00566030309206 00007ffd34000000
0x00007fff582e27e0:   0000000000002718 0000000000000000
0x00007fff582e27f0:   0000000000000050 0000000000000000
0x00007fff582e2800:   00007fff582e2850 000000012562a7e8
0x00007fff582e2810:   00007ffd34009e60 0000000000000000
0x00007fff582e2820:   00007ffd30d74ee8 00007ffd30f38cd0
0x00007fff582e2830:   0000000000000000 00007ffd3110db50
0x00007fff582e2840:   00007ffd3110bc00 00007fff745c4070
0x00007fff582e2850:   00007fff582e2940 00007fff8337f7ac
0x00007fff582e2860:   4089000000000000 406e000000000000
0x00007fff582e2870:   4053800000000000 4089000000000000
0x00007fff582e2880:   4083700000000000 0000000000000000
0x00007fff582e2890:   4036000000000000 4089000000000000
0x00007fff582e28a0:   4082c00000000000 0000000000000000
0x00007fff582e28b0:   0000000000000000 0000000000000001
0x00007fff582e28c0:   00007ffd30d74ee8 0000000000000001
0x00007fff582e28d0:   00007fff582e2940 00007fff8338464c
0x00007fff582e28e0:   0000000100000000 00007ffd3110db50
0x00007fff582e28f0:   00007ffd3110da88 000000028ebbffff 

Instructions: (pc=0x00007fff898708f2)
0x00007fff898708d2:   48 85 d2 b8 01 00 00 00 bb 15 27 00 00 0f 44 d8
0x00007fff898708e2:   e9 7f 01 00 00 49 8b 45 08 48 89 85 38 ff ff ff
0x00007fff898708f2:   48 8b 00 48 89 85 30 ff ff ff 83 fe 4f 0f 8f fd
0x00007fff89870902:   00 00 00 48 89 d0 bb 15 27 00 00 83 fe 35 0f 84 

Register to memory mapping:

RAX=0xe000000000000000 is an unknown value
RBX=0x000000000000271e is an unknown value
RCX=0x0000000000000000 is an unknown value
RDX=0x00007ffd30d74ee8 is an unknown value
RSP=0x00007fff582e2700 is pointing into the stack for thread: 0x00007ffd32824800
RBP=0x00007fff582e2800 is pointing into the stack for thread: 0x00007ffd32824800
RSI=0x0000000000000050 is an unknown value
RDI=0x00007fff745c4070: __stack_chk_guard+0 in /usr/lib/system/libsystem_c.dylib at 0x00007fff8fffb000
R8 =0x00007ffd34009e60 is an unknown value
R9 =0x00007ffd33800000 is an unknown value
R10=0x000000000000003c is an unknown value
R11=0x0000000000000206 is an unknown value
R12=0x0000000000002718 is an unknown value
R13=0x00007ffd31a15e00 is an unknown value
R14=0x0000000000000050 is an unknown value
R15=0x0000000000000000 is an unknown value


Stack: [0x00007fff57ae9000,0x00007fff582e9000],  sp=0x00007fff582e2700,  free space=8165k
Native frames: (J=compiled Java code, j=interpreted, Vv=VM code, C=native code)
C  [libGPUSupportMercury.dylib+0xb8f2]  gldAttachDrawable+0x60
C  [GLEngine+0x167e8]  gliAttachDrawableWithOptions+0x101
C  [OpenGL+0x37ac]  glcGetIOAccelService+0xe03
C  [OpenGL+0x73f3]  CGLSetPBuffer+0xb90
C  [OpenGL+0x7716]  CGLSetSurface+0x124
C  [AppKit+0x57e567]  NSOpenGLContextAttachOnScreenViewSurface+0x109
C  [AppKit+0x2c669b]  -[NSOpenGLContext setView:]+0x83
C  [liblwjgl.dylib+0xa7be]  -[MacOSXOpenGLView lockFocus]+0x6e
C  [AppKit+0x14e3c5]  -[NSView _recursiveDisplayRectIfNeededIgnoringOpacity:isVisibleRect:rectIsVisibleRectForView:topView:]+0x740
C  [AppKit+0x14f420]  -[NSView _recursiveDisplayRectIfNeededIgnoringOpacity:isVisibleRect:rectIsVisibleRectForView:topView:]+0x179b
C  [AppKit+0x14d773]  -[NSThemeFrame _recursiveDisplayRectIfNeededIgnoringOpacity:isVisibleRect:rectIsVisibleRectForView:topView:]+0x14d
C  [AppKit+0x14a2cb]  -[NSView _displayRectIgnoringOpacity:isVisibleRect:rectIsVisibleRectForView:]+0xac9
C  [AppKit+0x128e2d]  -[NSView displayIfNeeded]+0x754
C  [AppKit+0x1461c5]  -[NSWindow displayIfNeeded]+0xe8
C  [AppKit+0x183322]  _handleWindowNeedsDisplayOrLayoutOrUpdateConstraints+0x3a8
C  [Foundation+0x66db3]  __NSFireTimer+0x5f
C  [CoreFoundation+0xb5b64]  __CFRUNLOOP_IS_CALLING_OUT_TO_A_TIMER_CALLBACK_FUNCTION__+0x14
C  [CoreFoundation+0xb57f3]  __CFRunLoopDoTimer+0x423
C  [CoreFoundation+0x128dbd]  __CFRunLoopDoTimers+0x12d
C  [CoreFoundation+0x72288]  __CFRunLoopRun+0x7e8
C  [CoreFoundation+0x71858]  CFRunLoopRunSpecific+0x128
C  [HIToolbox+0x2eaef]  RunCurrentEventLoopInMode+0xeb
C  [HIToolbox+0x2e86a]  ReceiveNextEventCommon+0x1af
C  [HIToolbox+0x2e6ab]  _BlockUntilNextEventMatchingListInModeWithFilter+0x47
C  [AppKit+0x23f81]  _DPSNextEvent+0x3c4
C  [AppKit+0x23730]  -[NSApplication nextEventMatchingMask:untilDate:inMode:dequeue:]+0xc2
C  [libosxapp.dylib+0x242a]  -[NSApplicationAWT nextEventMatchingMask:untilDate:inMode:dequeue:]+0x7c
C  [AppKit+0x17593]  -[NSApplication run]+0x252
C  [libosxapp.dylib+0x223e]  +[NSApplicationAWT runAWTLoopWithApp:]+0x9c
C  [libawt_lwawt.dylib+0x4494f]  -[AWTStarter starter:]+0x389
C  [Foundation+0x65cdc]  __NSThreadPerformPerform+0x125
C  [CoreFoundation+0x80681]  __CFRUNLOOP_IS_CALLING_OUT_TO_A_SOURCE0_PERFORM_FUNCTION__+0x11
C  [CoreFoundation+0x7280d]  __CFRunLoopDoSources0+0x10d
C  [CoreFoundation+0x71e3f]  __CFRunLoopRun+0x39f
C  [CoreFoundation+0x71858]  CFRunLoopRunSpecific+0x128
C  [java+0x56cc]  CreateExecutionEnvironment+0x367
C  [java+0x165c]  JLI_Launch+0x7a0
C  [java+0x768a]  main+0x65
C  [java+0xeb4]  start+0x34
C  0x0000000000000005


---------------  P R O C E S S  ---------------

Java Threads: ( => current thread )
  0x00007ffd321f0000 JavaThread "AWT-Shutdown" [_thread_blocked, id=28179, stack(0x00000001283af000,0x00000001284af000)]
  0x00007ffd328cf800 JavaThread "Java2D Disposer" daemon [_thread_blocked, id=49927, stack(0x00000001277e1000,0x00000001278e1000)]
  0x00007ffd31a7e000 JavaThread "Java2D Queue Flusher" daemon [_thread_blocked, id=49195, stack(0x0000000126e38000,0x0000000126f38000)]
=>0x00007ffd32824800 JavaThread "AppKit Thread" daemon [_thread_in_native, id=1811, stack(0x00007fff57ae9000,0x00007fff582e9000)]
  0x00007ffd3102c800 JavaThread "Service Thread" daemon [_thread_blocked, id=18179, stack(0x0000000120f69000,0x0000000121069000)]
  0x00007ffd31809000 JavaThread "C1 CompilerThread2" daemon [_thread_blocked, id=17667, stack(0x0000000120e66000,0x0000000120f66000)]
  0x00007ffd31808800 JavaThread "C2 CompilerThread1" daemon [_thread_blocked, id=17155, stack(0x0000000120d63000,0x0000000120e63000)]
  0x00007ffd32051000 JavaThread "C2 CompilerThread0" daemon [_thread_blocked, id=16643, stack(0x0000000120c60000,0x0000000120d60000)]
  0x00007ffd31017000 JavaThread "Signal Dispatcher" daemon [_thread_blocked, id=13331, stack(0x0000000120b5d000,0x0000000120c5d000)]
  0x00007ffd31807800 JavaThread "Finalizer" daemon [_thread_blocked, id=11523, stack(0x000000011f226000,0x000000011f326000)]
  0x00007ffd32810000 JavaThread "Reference Handler" daemon [_thread_blocked, id=11011, stack(0x000000011f123000,0x000000011f223000)]
  0x00007ffd32801800 JavaThread "main" [_thread_in_native, id=4867, stack(0x0000000109201000,0x0000000109301000)]

Other Threads:
  0x00007ffd32050800 VMThread [stack: 0x000000011f020000,0x000000011f120000] [id=10499]
  0x00007ffd32800000 WatcherThread [stack: 0x000000012106c000,0x000000012116c000] [id=18691]

VM state:not at safepoint (normal execution)

VM Mutex/Monitor currently owned by a thread: None

Heap:
 PSYoungGen      total 38400K, used 22839K [0x0000000795580000, 0x0000000798000000, 0x00000007c0000000)
  eden space 33280K, 68% used [0x0000000795580000,0x0000000796bcde50,0x0000000797600000)
  from space 5120K, 0% used [0x0000000797b00000,0x0000000797b00000,0x0000000798000000)
  to   space 5120K, 0% used [0x0000000797600000,0x0000000797600000,0x0000000797b00000)
 ParOldGen       total 87552K, used 0K [0x0000000740000000, 0x0000000745580000, 0x0000000795580000)
  object space 87552K, 0% used [0x0000000740000000,0x0000000740000000,0x0000000745580000)
 Metaspace       used 10858K, capacity 11003K, committed 11264K, reserved 1058816K
  class space    used 1148K, capacity 1178K, committed 1280K, reserved 1048576K

Card table byte_map: [0x00000001186c3000,0x0000000118ac4000] byte_map_base: 0x0000000114cc3000

Marking Bits: (ParMarkBitMap*) 0x00000001082b3410
 Begin Bits: [0x000000011917b000, 0x000000011b17b000)
 End Bits:   [0x000000011b17b000, 0x000000011d17b000)

Polling page: 0x000000010898d000

CodeCache: size=245760Kb used=4099Kb max_used=4108Kb free=241660Kb
 bounds [0x0000000109303000, 0x0000000109713000, 0x0000000118303000]
 total_blobs=1586 nmethods=1060 adapters=441
 compilation: enabled

Compilation events (10 events):
Event: 6.697 Thread 0x00007ffd31808800 nmethod 1060 0x00000001096f2f50 code [0x00000001096f30c0, 0x00000001096f32a8]
Event: 6.703 Thread 0x00007ffd32051000 nmethod 1059 0x00000001097038d0 code [0x0000000109703d40, 0x0000000109706520]
Event: 6.785 Thread 0x00007ffd31808800 1061       4       de.matthiasmann.twl.Widget::paintOverlay (36 bytes)
Event: 6.786 Thread 0x00007ffd31808800 nmethod 1061 0x00000001096ebc50 code [0x00000001096ebda0, 0x00000001096ebe18]
Event: 7.048 Thread 0x00007ffd31809000 1062       3       eea.engine.entity.StateBasedEntityManager::renderEntities (65 bytes)
Event: 7.050 Thread 0x00007ffd31809000 nmethod 1062 0x00000001096f1890 code [0x00000001096f1ac0, 0x00000001096f28f8]
Event: 7.066 Thread 0x00007ffd31809000 1063       3       eea.engine.entity.StateBasedEntityManager::updateEntities (65 bytes)
Event: 7.067 Thread 0x00007ffd31809000 nmethod 1063 0x00000001096f4e90 code [0x00000001096f50c0, 0x00000001096f5cf8]
Event: 7.092 Thread 0x00007ffd31809000 1064       1       java.util.concurrent.locks.AbstractQueuedSynchronizer::getState (5 bytes)
Event: 7.093 Thread 0x00007ffd31809000 nmethod 1064 0x00000001096f15d0 code [0x00000001096f1720, 0x00000001096f1830]

GC Heap History (0 events):
No events

Deoptimization events (1 events):
Event: 1.158 Thread 0x00007ffd32801800 Uncommon trap: reason=unreached action=reinterpret pc=0x000000010959699c method=java.lang.AbstractStringBuilder.append(Ljava/lang/String;)Ljava/lang/AbstractStringBuilder; @ 1

Internal exceptions (10 events):
Event: 1.365 Thread 0x00007ffd32801800 Exception <a 'java/security/PrivilegedActionException'> (0x0000000796a06a10) thrown at [/Users/java_re/workspace/8-2-build-macosx-x86_64/jdk8u31/2394/hotspot/src/share/vm/prims/jvm.cpp, line 1312]
Event: 1.366 Thread 0x00007ffd32801800 Exception <a 'java/security/PrivilegedActionException'> (0x0000000796a0cbd8) thrown at [/Users/java_re/workspace/8-2-build-macosx-x86_64/jdk8u31/2394/hotspot/src/share/vm/prims/jvm.cpp, line 1312]
Event: 1.367 Thread 0x00007ffd32801800 Exception <a 'java/security/PrivilegedActionException'> (0x0000000796a0fda8) thrown at [/Users/java_re/workspace/8-2-build-macosx-x86_64/jdk8u31/2394/hotspot/src/share/vm/prims/jvm.cpp, line 1312]
Event: 1.367 Thread 0x00007ffd32801800 Exception <a 'java/security/PrivilegedActionException'> (0x0000000796a12760) thrown at [/Users/java_re/workspace/8-2-build-macosx-x86_64/jdk8u31/2394/hotspot/src/share/vm/prims/jvm.cpp, line 1312]
Event: 1.369 Thread 0x00007ffd32801800 Exception <a 'java/security/PrivilegedActionException'> (0x0000000796a171f0) thrown at [/Users/java_re/workspace/8-2-build-macosx-x86_64/jdk8u31/2394/hotspot/src/share/vm/prims/jvm.cpp, line 1312]
Event: 1.373 Thread 0x00007ffd32801800 Exception <a 'java/security/PrivilegedActionException'> (0x0000000796a1e170) thrown at [/Users/java_re/workspace/8-2-build-macosx-x86_64/jdk8u31/2394/hotspot/src/share/vm/prims/jvm.cpp, line 1312]
Event: 1.379 Thread 0x00007ffd32801800 Exception <a 'java/security/PrivilegedActionException'> (0x0000000796a22de8) thrown at [/Users/java_re/workspace/8-2-build-macosx-x86_64/jdk8u31/2394/hotspot/src/share/vm/prims/jvm.cpp, line 1312]
Event: 1.379 Thread 0x00007ffd32801800 Exception <a 'java/security/PrivilegedActionException'> (0x0000000796a27288) thrown at [/Users/java_re/workspace/8-2-build-macosx-x86_64/jdk8u31/2394/hotspot/src/share/vm/prims/jvm.cpp, line 1312]
Event: 1.390 Thread 0x00007ffd32801800 Exception <a 'java/security/PrivilegedActionException'> (0x0000000796a2a9c8) thrown at [/Users/java_re/workspace/8-2-build-macosx-x86_64/jdk8u31/2394/hotspot/src/share/vm/prims/jvm.cpp, line 1312]
Event: 2.282 Thread 0x00007ffd32801800 Exception <a 'java/security/PrivilegedActionException'> (0x0000000796a325e8) thrown at [/Users/java_re/workspace/8-2-build-macosx-x86_64/jdk8u31/2394/hotspot/src/share/vm/prims/jvm.cpp, line 1312]

Events (10 events):
Event: 5.092 loading class sun/awt/AWTAutoShutdown$1
Event: 5.092 loading class sun/awt/AWTAutoShutdown$1 done
Event: 5.092 Thread 0x00007ffd31072800 Thread exited: 0x00007ffd31072800
Event: 5.345 Thread 0x00007ffd321f0000 Thread added: 0x00007ffd321f0000
Event: 6.349 Executing VM operation: RevokeBias
Event: 6.349 Executing VM operation: RevokeBias done
Event: 6.349 Thread 0x00007ffd321f0000 Thread exited: 0x00007ffd321f0000
Event: 7.019 Thread 0x00007ffd321f0000 Thread added: 0x00007ffd321f0000
Event: 7.153 loading class org/lwjgl/opengl/CallbackUtil
Event: 7.153 loading class org/lwjgl/opengl/CallbackUtil done


Dynamic libraries:
0x0000000002481000 	/System/Library/Frameworks/Cocoa.framework/Versions/A/Cocoa
0x0000000002481000 	/System/Library/Frameworks/Security.framework/Versions/A/Security
0x0000000002481000 	/System/Library/Frameworks/ApplicationServices.framework/Versions/A/ApplicationServices
0x0000000002481000 	/usr/lib/libz.1.dylib
0x0000000002481000 	/usr/lib/libSystem.B.dylib
0x0000000002481000 	/usr/lib/libobjc.A.dylib
0x0000000002481000 	/System/Library/Frameworks/CoreFoundation.framework/Versions/A/CoreFoundation
0x0000000002481000 	/System/Library/Frameworks/Foundation.framework/Versions/C/Foundation
0x0000000002481000 	/System/Library/Frameworks/AppKit.framework/Versions/C/AppKit
0x0000000002481000 	/System/Library/Frameworks/CoreData.framework/Versions/A/CoreData
0x0000000002481000 	/System/Library/PrivateFrameworks/RemoteViewServices.framework/Versions/A/RemoteViewServices
0x0000000002481000 	/System/Library/PrivateFrameworks/UIFoundation.framework/Versions/A/UIFoundation
0x0000000002481000 	/System/Library/Frameworks/IOSurface.framework/Versions/A/IOSurface
0x0000000002481000 	/System/Library/Frameworks/AudioToolbox.framework/Versions/A/AudioToolbox
0x0000000002481000 	/System/Library/Frameworks/AudioUnit.framework/Versions/A/AudioUnit
0x0000000002481000 	/System/Library/PrivateFrameworks/DataDetectorsCore.framework/Versions/A/DataDetectorsCore
0x0000000002481000 	/System/Library/PrivateFrameworks/DesktopServicesPriv.framework/Versions/A/DesktopServicesPriv
0x0000000002481000 	/System/Library/Frameworks/Carbon.framework/Versions/A/Frameworks/HIToolbox.framework/Versions/A/HIToolbox
0x0000000002481000 	/System/Library/Frameworks/QuartzCore.framework/Versions/A/QuartzCore
0x0000000002481000 	/System/Library/Frameworks/Carbon.framework/Versions/A/Frameworks/SpeechRecognition.framework/Versions/A/SpeechRecognition
0x0000000002481000 	/usr/lib/libauto.dylib
0x0000000002481000 	/usr/lib/libicucore.A.dylib
0x0000000002481000 	/usr/lib/libxml2.2.dylib
0x0000000002481000 	/System/Library/PrivateFrameworks/CoreUI.framework/Versions/A/CoreUI
0x0000000002481000 	/System/Library/Frameworks/CoreAudio.framework/Versions/A/CoreAudio
0x0000000002481000 	/System/Library/Frameworks/DiskArbitration.framework/Versions/A/DiskArbitration
0x0000000002481000 	/usr/lib/liblangid.dylib
0x0000000002481000 	/System/Library/PrivateFrameworks/MultitouchSupport.framework/Versions/A/MultitouchSupport
0x0000000002481000 	/System/Library/Frameworks/IOKit.framework/Versions/A/IOKit
0x0000000002481000 	/usr/lib/libDiagnosticMessagesClient.dylib
0x0000000002481000 	/System/Library/Frameworks/CoreServices.framework/Versions/A/CoreServices
0x0000000002481000 	/System/Library/PrivateFrameworks/PerformanceAnalysis.framework/Versions/A/PerformanceAnalysis
0x0000000002481000 	/System/Library/PrivateFrameworks/GenerationalStorage.framework/Versions/A/GenerationalStorage
0x0000000002481000 	/System/Library/Frameworks/OpenGL.framework/Versions/A/OpenGL
0x0000000002481000 	/System/Library/PrivateFrameworks/Sharing.framework/Versions/A/Sharing
0x0000000002481000 	/System/Library/Frameworks/CoreGraphics.framework/Versions/A/CoreGraphics
0x0000000002481000 	/System/Library/Frameworks/CoreText.framework/Versions/A/CoreText
0x0000000002481000 	/System/Library/Frameworks/ImageIO.framework/Versions/A/ImageIO
0x0000000002481000 	/usr/lib/libextension.dylib
0x0000000002481000 	/System/Library/PrivateFrameworks/Backup.framework/Versions/A/Backup
0x0000000002481000 	/usr/lib/libarchive.2.dylib
0x0000000002481000 	/System/Library/Frameworks/CFNetwork.framework/Versions/A/CFNetwork
0x0000000002481000 	/System/Library/Frameworks/SystemConfiguration.framework/Versions/A/SystemConfiguration
0x0000000002481000 	/usr/lib/libCRFSuite.dylib
0x0000000002481000 	/usr/lib/libc++.1.dylib
0x0000000002481000 	/usr/lib/libc++abi.dylib
0x0000000002481000 	/usr/lib/system/libcache.dylib
0x0000000002481000 	/usr/lib/system/libcommonCrypto.dylib
0x0000000002481000 	/usr/lib/system/libcompiler_rt.dylib
0x0000000002481000 	/usr/lib/system/libcopyfile.dylib
0x0000000002481000 	/usr/lib/system/libcorecrypto.dylib
0x0000000002481000 	/usr/lib/system/libdispatch.dylib
0x0000000002481000 	/usr/lib/system/libdyld.dylib
0x0000000002481000 	/usr/lib/system/libkeymgr.dylib
0x0000000002481000 	/usr/lib/system/liblaunch.dylib
0x0000000002481000 	/usr/lib/system/libmacho.dylib
0x0000000002481000 	/usr/lib/system/libquarantine.dylib
0x0000000002481000 	/usr/lib/system/libremovefile.dylib
0x0000000002481000 	/usr/lib/system/libsystem_asl.dylib
0x0000000002481000 	/usr/lib/system/libsystem_blocks.dylib
0x0000000002481000 	/usr/lib/system/libsystem_c.dylib
0x0000000002481000 	/usr/lib/system/libsystem_configuration.dylib
0x0000000002481000 	/usr/lib/system/libsystem_coreservices.dylib
0x0000000002481000 	/usr/lib/system/libsystem_coretls.dylib
0x0000000002481000 	/usr/lib/system/libsystem_dnssd.dylib
0x0000000002481000 	/usr/lib/system/libsystem_info.dylib
0x0000000002481000 	/usr/lib/system/libsystem_kernel.dylib
0x0000000002481000 	/usr/lib/system/libsystem_m.dylib
0x0000000002481000 	/usr/lib/system/libsystem_malloc.dylib
0x0000000002481000 	/usr/lib/system/libsystem_network.dylib
0x0000000002481000 	/usr/lib/system/libsystem_networkextension.dylib
0x0000000002481000 	/usr/lib/system/libsystem_notify.dylib
0x0000000002481000 	/usr/lib/system/libsystem_platform.dylib
0x0000000002481000 	/usr/lib/system/libsystem_pthread.dylib
0x0000000002481000 	/usr/lib/system/libsystem_sandbox.dylib
0x0000000002481000 	/usr/lib/system/libsystem_secinit.dylib
0x0000000002481000 	/usr/lib/system/libsystem_stats.dylib
0x0000000002481000 	/usr/lib/system/libsystem_trace.dylib
0x0000000002481000 	/usr/lib/system/libunc.dylib
0x0000000002481000 	/usr/lib/system/libunwind.dylib
0x0000000002481000 	/usr/lib/system/libxpc.dylib
0x0000000002481000 	/usr/lib/libbz2.1.0.dylib
0x0000000002481000 	/usr/lib/liblzma.5.dylib
0x0000000002481000 	/usr/lib/libbsm.0.dylib
0x0000000002481000 	/usr/lib/libsqlite3.dylib
0x0000000002481000 	/usr/lib/system/libkxld.dylib
0x0000000002481000 	/usr/lib/libxar.1.dylib
0x0000000002481000 	/usr/lib/libpam.2.dylib
0x0000000002481000 	/usr/lib/libOpenScriptingUtil.dylib
0x0000000002481000 	/System/Library/Frameworks/CoreServices.framework/Versions/A/Frameworks/FSEvents.framework/Versions/A/FSEvents
0x0000000002481000 	/System/Library/Frameworks/CoreServices.framework/Versions/A/Frameworks/CarbonCore.framework/Versions/A/CarbonCore
0x0000000002481000 	/System/Library/Frameworks/CoreServices.framework/Versions/A/Frameworks/Metadata.framework/Versions/A/Metadata
0x0000000002481000 	/System/Library/Frameworks/CoreServices.framework/Versions/A/Frameworks/OSServices.framework/Versions/A/OSServices
0x0000000002481000 	/System/Library/Frameworks/CoreServices.framework/Versions/A/Frameworks/SearchKit.framework/Versions/A/SearchKit
0x0000000002481000 	/System/Library/Frameworks/CoreServices.framework/Versions/A/Frameworks/AE.framework/Versions/A/AE
0x0000000002481000 	/System/Library/Frameworks/CoreServices.framework/Versions/A/Frameworks/LaunchServices.framework/Versions/A/LaunchServices
0x0000000002481000 	/System/Library/Frameworks/CoreServices.framework/Versions/A/Frameworks/DictionaryServices.framework/Versions/A/DictionaryServices
0x0000000002481000 	/System/Library/Frameworks/NetFS.framework/Versions/A/NetFS
0x0000000002481000 	/System/Library/PrivateFrameworks/NetAuth.framework/Versions/A/NetAuth
0x0000000002481000 	/System/Library/PrivateFrameworks/login.framework/Versions/A/Frameworks/loginsupport.framework/Versions/A/loginsupport
0x0000000002481000 	/System/Library/PrivateFrameworks/TCC.framework/Versions/A/TCC
0x0000000002481000 	/usr/lib/libmecabra.dylib
0x0000000002481000 	/System/Library/Frameworks/ApplicationServices.framework/Versions/A/Frameworks/ATS.framework/Versions/A/ATS
0x0000000002481000 	/System/Library/Frameworks/ApplicationServices.framework/Versions/A/Frameworks/ColorSync.framework/Versions/A/ColorSync
0x0000000002481000 	/System/Library/Frameworks/ApplicationServices.framework/Versions/A/Frameworks/HIServices.framework/Versions/A/HIServices
0x0000000002481000 	/System/Library/Frameworks/ApplicationServices.framework/Versions/A/Frameworks/LangAnalysis.framework/Versions/A/LangAnalysis
0x0000000002481000 	/System/Library/Frameworks/ApplicationServices.framework/Versions/A/Frameworks/PrintCore.framework/Versions/A/PrintCore
0x0000000002481000 	/System/Library/Frameworks/ApplicationServices.framework/Versions/A/Frameworks/QD.framework/Versions/A/QD
0x0000000002481000 	/System/Library/Frameworks/ApplicationServices.framework/Versions/A/Frameworks/SpeechSynthesis.framework/Versions/A/SpeechSynthesis
0x0000000002481000 	/System/Library/Frameworks/Accelerate.framework/Versions/A/Accelerate
0x0000000002481000 	/System/Library/Frameworks/Accelerate.framework/Versions/A/Frameworks/vImage.framework/Versions/A/vImage
0x0000000002481000 	/System/Library/Frameworks/Accelerate.framework/Versions/A/Frameworks/vecLib.framework/Versions/A/vecLib
0x0000000002481000 	/System/Library/Frameworks/Accelerate.framework/Versions/A/Frameworks/vecLib.framework/Versions/A/libvDSP.dylib
0x0000000002481000 	/System/Library/Frameworks/Accelerate.framework/Versions/A/Frameworks/vecLib.framework/Versions/A/libvMisc.dylib
0x0000000002481000 	/System/Library/Frameworks/Accelerate.framework/Versions/A/Frameworks/vecLib.framework/Versions/A/libLAPACK.dylib
0x0000000002481000 	/System/Library/Frameworks/Accelerate.framework/Versions/A/Frameworks/vecLib.framework/Versions/A/libBLAS.dylib
0x0000000002481000 	/System/Library/Frameworks/Accelerate.framework/Versions/A/Frameworks/vecLib.framework/Versions/A/libLinearAlgebra.dylib
0x0000000002481000 	/System/Library/Frameworks/ApplicationServices.framework/Versions/A/Frameworks/ATS.framework/Versions/A/Resources/libFontParser.dylib
0x0000000002481000 	/System/Library/Frameworks/ApplicationServices.framework/Versions/A/Frameworks/ATS.framework/Versions/A/Resources/libFontRegistry.dylib
0x0000000002481000 	/System/Library/PrivateFrameworks/AppleVPA.framework/Versions/A/AppleVPA
0x0000000002481000 	/System/Library/PrivateFrameworks/AppleJPEG.framework/Versions/A/AppleJPEG
0x0000000002481000 	/System/Library/Frameworks/ImageIO.framework/Versions/A/Resources/libJPEG.dylib
0x0000000002481000 	/System/Library/Frameworks/ImageIO.framework/Versions/A/Resources/libTIFF.dylib
0x0000000002481000 	/System/Library/Frameworks/ImageIO.framework/Versions/A/Resources/libPng.dylib
0x0000000002481000 	/System/Library/Frameworks/ImageIO.framework/Versions/A/Resources/libGIF.dylib
0x0000000002481000 	/System/Library/Frameworks/ImageIO.framework/Versions/A/Resources/libJP2.dylib
0x0000000002481000 	/System/Library/Frameworks/ImageIO.framework/Versions/A/Resources/libRadiance.dylib
0x0000000002481000 	/System/Library/Frameworks/CoreVideo.framework/Versions/A/CoreVideo
0x0000000002481000 	/System/Library/Frameworks/OpenGL.framework/Versions/A/Libraries/libGLU.dylib
0x0000000002481000 	/System/Library/Frameworks/OpenGL.framework/Versions/A/Libraries/libGFXShared.dylib
0x0000000002481000 	/System/Library/Frameworks/OpenGL.framework/Versions/A/Libraries/libGL.dylib
0x0000000002481000 	/System/Library/Frameworks/OpenGL.framework/Versions/A/Libraries/libGLImage.dylib
0x0000000002481000 	/System/Library/Frameworks/OpenGL.framework/Versions/A/Libraries/libCVMSPluginSupport.dylib
0x0000000002481000 	/System/Library/Frameworks/OpenGL.framework/Versions/A/Libraries/libCoreVMClient.dylib
0x0000000002481000 	/usr/lib/libcups.2.dylib
0x0000000002481000 	/System/Library/Frameworks/Kerberos.framework/Versions/A/Kerberos
0x0000000002481000 	/System/Library/Frameworks/GSS.framework/Versions/A/GSS
0x0000000002481000 	/usr/lib/libresolv.9.dylib
0x0000000002481000 	/usr/lib/libiconv.2.dylib
0x0000000002481000 	/System/Library/PrivateFrameworks/Heimdal.framework/Versions/A/Heimdal
0x0000000002481000 	/usr/lib/libheimdal-asn1.dylib
0x0000000002481000 	/System/Library/Frameworks/OpenDirectory.framework/Versions/A/OpenDirectory
0x0000000002481000 	/System/Library/PrivateFrameworks/CommonAuth.framework/Versions/A/CommonAuth
0x0000000002481000 	/System/Library/Frameworks/OpenDirectory.framework/Versions/A/Frameworks/CFOpenDirectory.framework/Versions/A/CFOpenDirectory
0x0000000002481000 	/System/Library/Frameworks/SecurityFoundation.framework/Versions/A/SecurityFoundation
0x0000000002481000 	/System/Library/PrivateFrameworks/LanguageModeling.framework/Versions/A/LanguageModeling
0x0000000002481000 	/usr/lib/libcmph.dylib
0x0000000002481000 	/System/Library/Frameworks/ServiceManagement.framework/Versions/A/ServiceManagement
0x0000000002481000 	/usr/lib/libxslt.1.dylib
0x0000000002481000 	/System/Library/Frameworks/Carbon.framework/Versions/A/Frameworks/Ink.framework/Versions/A/Ink
0x0000000002481000 	/System/Library/Frameworks/QuartzCore.framework/Versions/A/Frameworks/CoreImage.framework/Versions/A/CoreImage
0x0000000002481000 	/System/Library/PrivateFrameworks/CrashReporterSupport.framework/Versions/A/CrashReporterSupport
0x0000000002481000 	/System/Library/Frameworks/OpenCL.framework/Versions/A/OpenCL
0x0000000002481000 	/System/Library/PrivateFrameworks/FaceCore.framework/Versions/A/FaceCore
0x0000000002481000 	/System/Library/PrivateFrameworks/Ubiquity.framework/Versions/A/Ubiquity
0x0000000002481000 	/System/Library/PrivateFrameworks/IconServices.framework/Versions/A/IconServices
0x0000000002481000 	/System/Library/PrivateFrameworks/ChunkingLibrary.framework/Versions/A/ChunkingLibrary
0x0000000002481000 	/System/Library/PrivateFrameworks/Apple80211.framework/Versions/A/Apple80211
0x0000000002481000 	/System/Library/Frameworks/CoreWLAN.framework/Versions/A/CoreWLAN
0x0000000002481000 	/System/Library/Frameworks/IOBluetooth.framework/Versions/A/IOBluetooth
0x0000000002481000 	/System/Library/PrivateFrameworks/CoreWiFi.framework/Versions/A/CoreWiFi
0x0000000002481000 	/System/Library/Frameworks/CoreBluetooth.framework/Versions/A/CoreBluetooth
0x0000000002481000 	/System/Library/PrivateFrameworks/DebugSymbols.framework/Versions/A/DebugSymbols
0x0000000002481000 	/System/Library/PrivateFrameworks/CoreSymbolication.framework/Versions/A/CoreSymbolication
0x0000000002481000 	/System/Library/PrivateFrameworks/Symbolication.framework/Versions/A/Symbolication
0x0000000002481000 	/System/Library/PrivateFrameworks/SpeechRecognitionCore.framework/Versions/A/SpeechRecognitionCore
0x0000000107a15000 	/Library/Java/JavaVirtualMachines/jdk1.8.0_31.jdk/Contents/Home/jre/lib/server/libjvm.dylib
0x0000000002481000 	/usr/lib/libstdc++.6.dylib
0x000000010894b000 	/Library/Java/JavaVirtualMachines/jdk1.8.0_31.jdk/Contents/Home/jre/lib/libverify.dylib
0x0000000108959000 	/Library/Java/JavaVirtualMachines/jdk1.8.0_31.jdk/Contents/Home/jre/lib/libjava.dylib
0x0000000108997000 	/Library/Java/JavaVirtualMachines/jdk1.8.0_31.jdk/Contents/Home/jre/lib/libzip.dylib
0x000000011f328000 	/System/Library/Frameworks/JavaVM.framework/Frameworks/JavaRuntimeSupport.framework/JavaRuntimeSupport
0x000000011f33e000 	/System/Library/Frameworks/JavaVM.framework/Versions/A/Frameworks/JavaNativeFoundation.framework/Versions/A/JavaNativeFoundation
0x00000001089f1000 	/System/Library/Frameworks/JavaVM.framework/Versions/A/JavaVM
0x0000000002481000 	/System/Library/Frameworks/Carbon.framework/Versions/A/Carbon
0x000000011f352000 	/System/Library/PrivateFrameworks/JavaLaunching.framework/Versions/A/JavaLaunching
0x0000000002481000 	/System/Library/Frameworks/Carbon.framework/Versions/A/Frameworks/CommonPanels.framework/Versions/A/CommonPanels
0x0000000002481000 	/System/Library/Frameworks/Carbon.framework/Versions/A/Frameworks/Help.framework/Versions/A/Help
0x0000000002481000 	/System/Library/Frameworks/Carbon.framework/Versions/A/Frameworks/ImageCapture.framework/Versions/A/ImageCapture
0x0000000002481000 	/System/Library/Frameworks/Carbon.framework/Versions/A/Frameworks/OpenScripting.framework/Versions/A/OpenScripting
0x0000000002481000 	/System/Library/Frameworks/Carbon.framework/Versions/A/Frameworks/Print.framework/Versions/A/Print
0x0000000002481000 	/System/Library/Frameworks/Carbon.framework/Versions/A/Frameworks/SecurityHI.framework/Versions/A/SecurityHI
0x000000012119c000 	/Library/Java/JavaVirtualMachines/jdk1.8.0_31.jdk/Contents/Home/jre/lib/libawt.dylib
0x000000012124b000 	/Library/Java/JavaVirtualMachines/jdk1.8.0_31.jdk/Contents/Home/jre/lib/./libmlib_image.dylib
0x0000000121317000 	/Library/Java/JavaVirtualMachines/jdk1.8.0_31.jdk/Contents/Home/jre/lib/libawt_lwawt.dylib
0x00000001213ca000 	/Library/Java/JavaVirtualMachines/jdk1.8.0_31.jdk/Contents/Home/jre/lib/./libosxapp.dylib
0x0000000002481000 	/System/Library/Frameworks/ExceptionHandling.framework/Versions/A/ExceptionHandling
0x0000000002481000 	/System/Library/PrivateFrameworks/CoreServicesInternal.framework/Versions/A/CoreServicesInternal
0x0000000002481000 	/System/Library/PrivateFrameworks/CloudDocs.framework/Versions/A/CloudDocs
0x0000000002481000 	/System/Library/PrivateFrameworks/CoreDuet.framework/Versions/A/CoreDuet
0x0000000002481000 	/System/Library/Frameworks/CloudKit.framework/Versions/A/CloudKit
0x0000000002481000 	/System/Library/PrivateFrameworks/ProtocolBuffer.framework/Versions/A/ProtocolBuffer
0x0000000002481000 	/System/Library/PrivateFrameworks/CoreDuetDaemonProtocol.framework/Versions/A/CoreDuetDaemonProtocol
0x0000000002481000 	/System/Library/PrivateFrameworks/CoreDuetDebugLogging.framework/Versions/A/CoreDuetDebugLogging
0x0000000002481000 	/System/Library/Frameworks/CoreLocation.framework/Versions/A/CoreLocation
0x0000000002481000 	/System/Library/Frameworks/Accounts.framework/Versions/A/Accounts
0x0000000002481000 	/System/Library/PrivateFrameworks/ApplePushService.framework/Versions/A/ApplePushService
0x0000000002481000 	/System/Library/PrivateFrameworks/GeoServices.framework/Versions/A/GeoServices
0x0000000002481000 	/System/Library/PrivateFrameworks/OAuth.framework/Versions/A/OAuth
0x0000000002481000 	/System/Library/PrivateFrameworks/CoreDaemon.framework/Versions/B/CoreDaemon
0x0000000002481000 	/usr/lib/libcrypto.0.9.8.dylib
0x0000000002481000 	/System/Library/PrivateFrameworks/AppleSRP.framework/Versions/A/AppleSRP
0x0000000002481000 	/System/Library/PrivateFrameworks/TrustEvaluationAgent.framework/Versions/A/TrustEvaluationAgent
0x000000012265e000 	/System/Library/Frameworks/CoreGraphics.framework/Versions/A/Resources/libCGCMS.A.dylib
0x000000012346e000 	/System/Library/Frameworks/CoreGraphics.framework/Versions/A/Resources/libRIP.A.dylib
0x00000001237a6000 	/System/Library/Frameworks/CoreGraphics.framework/Versions/A/Resources/libCGXType.A.dylib
0x0000000002481000 	/System/Library/Frameworks/OpenCL.framework/Versions/A/Libraries/libcldcpuengine.dylib
0x0000000002481000 	/System/Library/PrivateFrameworks/DiskImages.framework/Versions/A/DiskImages
0x0000000002481000 	/System/Library/Frameworks/DiscRecording.framework/Versions/A/DiscRecording
0x0000000002481000 	/usr/lib/libcsfde.dylib
0x0000000002481000 	/usr/lib/libcurl.4.dylib
0x0000000002481000 	/System/Library/PrivateFrameworks/MediaKit.framework/Versions/A/MediaKit
0x0000000002481000 	/System/Library/PrivateFrameworks/ProtectedCloudStorage.framework/Versions/A/ProtectedCloudStorage
0x0000000002481000 	/usr/lib/libCoreStorage.dylib
0x0000000002481000 	/System/Library/PrivateFrameworks/EFILogin.framework/Versions/A/EFILogin
0x0000000002481000 	/usr/lib/libutil.dylib
0x0000000002481000 	/System/Library/PrivateFrameworks/FindMyDevice.framework/Versions/A/FindMyDevice
0x0000000002481000 	/System/Library/Frameworks/LDAP.framework/Versions/A/LDAP
0x0000000002481000 	/usr/lib/libsasl2.2.dylib
0x0000000124218000 	cl_kernels
0x000000012421a000 	/System/Library/Frameworks/OpenCL.framework/Versions/A/Libraries/ImageFormats/unorm8_bgra.dylib
0x000000012420a000 	cl_kernels
0x0000000002481000 	/System/Library/PrivateFrameworks/FamilyControls.framework/Versions/A/FamilyControls
0x0000000002481000 	/System/Library/PrivateFrameworks/CommerceKit.framework/Versions/A/Frameworks/CommerceCore.framework/Versions/A/CommerceCore
0x0000000002481000 	/System/Library/PrivateFrameworks/SystemAdministration.framework/Versions/A/SystemAdministration
0x0000000002481000 	/System/Library/PrivateFrameworks/AppContainer.framework/Versions/A/AppContainer
0x0000000002481000 	/System/Library/PrivateFrameworks/SecCodeWrapper.framework/Versions/A/SecCodeWrapper
0x0000000002481000 	/System/Library/Frameworks/DirectoryService.framework/Versions/A/DirectoryService
0x0000000002481000 	/System/Library/PrivateFrameworks/LoginUIKit.framework/Versions/A/Frameworks/LoginUICore.framework/Versions/A/LoginUICore
0x0000000002481000 	/usr/lib/libodfde.dylib
0x0000000125521000 	/Library/Java/JavaVirtualMachines/jdk1.8.0_31.jdk/Contents/Home/jre/lib/libfontmanager.dylib
0x0000000125588000 	/Users/AdamShafei/git/Gruppe103TU/lib/lwjgl-2.9.1/native/macosx/liblwjgl.dylib
0x000000012367f000 	/Library/Java/JavaVirtualMachines/jdk1.8.0_31.jdk/Contents/Home/jre/lib/libjawt.dylib
0x0000000125614000 	/System/Library/Frameworks/OpenGL.framework/Resources/GLEngine.bundle/GLEngine
0x0000000002481000 	/System/Library/Frameworks/OpenGL.framework/Versions/A/Libraries/libGLProgrammability.dylib
0x0000000000000000 	/System/Library/Extensions/AppleIntelHD5000GraphicsGLDriver.bundle/Contents/MacOS/AppleIntelHD5000GraphicsGLDriver
0x0000000002481000 	/System/Library/PrivateFrameworks/IOAccelerator.framework/Versions/A/IOAccelerator
0x0000000002481000 	/System/Library/PrivateFrameworks/GPUSupport.framework/Versions/A/Libraries/libGPUSupportMercury.dylib
0x0000000125803000 	/System/Library/Frameworks/OpenGL.framework/Resources//GLRendererFloat.bundle/GLRendererFloat
0x00000001278e3000 	/Library/Java/JavaVirtualMachines/jdk1.8.0_31.jdk/Contents/Home/jre/lib/libnio.dylib
0x00000001278f3000 	/Library/Java/JavaVirtualMachines/jdk1.8.0_31.jdk/Contents/Home/jre/lib/./libnet.dylib

VM Arguments:
jvm_args: -Dfile.encoding=UTF-8 
java_command: de.tu_darmstadt.gdi1.gorillas.main.Gorillas
java_class_path (initial): /Users/AdamShafei/git/Gruppe103TU/bin:/Users/AdamShafei/git/Gruppe103TU/lib/slick.jar:/Users/AdamShafei/git/Gruppe103TU/lib/eea2.jar:/Users/AdamShafei/git/Gruppe103TU/lib/lwjgl-2.9.1/lwjgl.jar:/Users/AdamShafei/git/Gruppe103TU/lib/TWL.jar:/Users/AdamShafei/git/Gruppe103TU/lib/lwjgl_util_applet.jar:/Users/AdamShafei/git/Gruppe103TU/lib/lzma.jar:/Users/AdamShafei/git/Gruppe103TU/lib/jogg-0.0.7.jar:/Users/AdamShafei/git/Gruppe103TU/lib/jorbis-0.0.15.jar:/Users/AdamShafei/Downloads/eclipse/plugins/org.junit_4.11.0.v201303080030/junit.jar:/Users/AdamShafei/Downloads/eclipse/plugins/org.hamcrest.core_1.3.0.v201303031735.jar:/Users/AdamShafei/git/Gruppe103TU/lib/xpp3-1.1.4c.jar:/Users/AdamShafei/Downloads/translator.jar
Launcher Type: SUN_STANDARD

Environment Variables:
PATH=/usr/bin:/bin:/usr/sbin:/sbin
SHELL=/bin/bash

Signal Handlers:
SIGSEGV: [libjvm.dylib+0x57a0e7], sa_mask[0]=11111111011111110111111111111111, sa_flags=SA_ONSTACK|SA_RESTART|SA_SIGINFO
SIGBUS: [libjvm.dylib+0x57a0e7], sa_mask[0]=11111111011111110111111111111111, sa_flags=SA_RESTART|SA_SIGINFO
SIGFPE: [libjvm.dylib+0x45af24], sa_mask[0]=11111111011111110111111111111111, sa_flags=SA_RESTART|SA_SIGINFO
SIGPIPE: [libjvm.dylib+0x45af24], sa_mask[0]=11111111011111110111111111111111, sa_flags=SA_RESTART|SA_SIGINFO
SIGXFSZ: [libjvm.dylib+0x45af24], sa_mask[0]=11111111011111110111111111111111, sa_flags=SA_RESTART|SA_SIGINFO
SIGILL: [libjvm.dylib+0x45af24], sa_mask[0]=11111111011111110111111111111111, sa_flags=SA_RESTART|SA_SIGINFO
SIGUSR1: SIG_DFL, sa_mask[0]=00000000000000000000000000000000, sa_flags=none
SIGUSR2: [libjvm.dylib+0x45aa42], sa_mask[0]=00100000000000000000000000000000, sa_flags=SA_RESTART|SA_SIGINFO
SIGHUP: [libjvm.dylib+0x459015], sa_mask[0]=11111111011111110111111111111111, sa_flags=SA_RESTART|SA_SIGINFO
SIGINT: [libjvm.dylib+0x459015], sa_mask[0]=11111111011111110111111111111111, sa_flags=SA_RESTART|SA_SIGINFO
SIGTERM: [libjvm.dylib+0x459015], sa_mask[0]=11111111011111110111111111111111, sa_flags=SA_RESTART|SA_SIGINFO
SIGQUIT: [libjvm.dylib+0x459015], sa_mask[0]=11111111011111110111111111111111, sa_flags=SA_RESTART|SA_SIGINFO


---------------  S Y S T E M  ---------------

OS:Bsduname:Darwin 14.1.0 Darwin Kernel Version 14.1.0: Mon Dec 22 23:10:38 PST 2014; root:xnu-2782.10.72~2/RELEASE_X86_64 x86_64
rlimit: STACK 8192k, CORE 0k, NPROC 709, NOFILE 10240, AS infinity
load average:1.57 1.71 1.64

CPU:total 4 (2 cores per cpu, 2 threads per core) family 6 model 69 stepping 1, cmov, cx8, fxsr, mmx, sse, sse2, sse3, ssse3, sse4.1, sse4.2, popcnt, avx, avx2, aes, clmul, erms, lzcnt, ht, tsc, tscinvbit, bmi1, bmi2

Memory: 4k page, physical 8388608k(166348k free)

/proc/meminfo:


vm_info: Java HotSpot(TM) 64-Bit Server VM (25.31-b07) for bsd-amd64 JRE (1.8.0_31-b13), built on Dec 17 2014 20:45:36 by "java_re" with gcc 4.2.1 (Based on Apple Inc. build 5658) (LLVM build 2336.11.00)

time: Wed Feb 25 13:44:22 2015
elapsed time: 7 seconds (0d 0h 0m 7s)

